# JRE version: OpenJDK Runtime Environment (21.0.9) (build 21.0.9+-14649483-b1163.86)
# Java VM: OpenJDK 64-Bit Server VM (21.0.9+-14649483-b1163.86, mixed mode, tiered, compressed oops, compressed class ptrs, g1 gc, windows-amd64)
GC Precious Log:
 CardTable entry size: 512
 Card Set container configuration: InlinePtr #cards 5 size 8 Array Of Cards #cards 12 size 40 Howl #buckets 4 coarsen threshold 1843 Howl Bitmap #cards 512 size 80 coarsen threshold 460 Card regions per heap region 1 cards per card region 2048
 CPUs: 12 total, 12 available
 Memory: 7520M
 Large Page Support: Disabled
 NUMA Support: Disabled
 Compressed Oops: Enabled (32-bit)
 Heap Region Size: 1M
 Heap Min Capacity: 8M
 Heap Initial Capacity: 118M
 Heap Max Capacity: 2G
 Pre-touch: Disabled
 Parallel Workers: 10
 Concurrent Workers: 3
 Concurrent Refinement Workers: 10
 Periodic GC: Disabled
Heap:
 garbage-first heap   total 116736K, used 66721K [0x0000000080000000, 0x0000000100000000)
  region size 1024K, 4 young (4096K), 4 survivors (4096K)
 Metaspace       used 62636K, committed 64000K, reserved 1114112K
  class space    used 8850K, committed 9472K, reserved 1048576K
GC Heap History (20 events):
Event: 4.092 GC heap after
{Heap after GC invocations=7 (full 0):
 garbage-first heap   total 89088K, used 36412K [0x0000000080000000, 0x0000000100000000)
  region size 1024K, 7 young (7168K), 7 survivors (7168K)
 Metaspace       used 35257K, committed 35968K, reserved 1114112K
  class space    used 4881K, committed 5248K, reserved 1048576K
}
Event: 4.139 GC heap before
{Heap before GC invocations=7 (full 0):
 garbage-first heap   total 89088K, used 40508K [0x0000000080000000, 0x0000000100000000)
  region size 1024K, 12 young (12288K), 7 survivors (7168K)
 Metaspace       used 35515K, committed 36288K, reserved 1114112K
  class space    used 4927K, committed 5312K, reserved 1048576K
}
Event: 4.142 GC heap after
{Heap after GC invocations=8 (full 0):
 garbage-first heap   total 89088K, used 38606K [0x0000000080000000, 0x0000000100000000)
  region size 1024K, 3 young (3072K), 3 survivors (3072K)
 Metaspace       used 35515K, committed 36288K, reserved 1114112K
  class space    used 4927K, committed 5312K, reserved 1048576K
}
Event: 4.525 GC heap before
{Heap before GC invocations=9 (full 0):
 garbage-first heap   total 89088K, used 80590K [0x0000000080000000, 0x0000000100000000)
  region size 1024K, 34 young (34816K), 3 survivors (3072K)
 Metaspace       used 38741K, committed 39680K, reserved 1114112K
  class space    used 5446K, committed 5888K, reserved 1048576K
}
Event: 4.529 GC heap after
{Heap after GC invocations=10 (full 0):
 garbage-first heap   total 89088K, used 54092K [0x0000000080000000, 0x0000000100000000)
  region size 1024K, 5 young (5120K), 5 survivors (5120K)
 Metaspace       used 38741K, committed 39680K, reserved 1114112K
  class space    used 5446K, committed 5888K, reserved 1048576K
}
Event: 4.790 GC heap before
{Heap before GC invocations=10 (full 0):
 garbage-first heap   total 89088K, used 77644K [0x0000000080000000, 0x0000000100000000)
  region size 1024K, 28 young (28672K), 5 survivors (5120K)
 Metaspace       used 41593K, committed 42752K, reserved 1114112K
  class space    used 5952K, committed 6528K, reserved 1048576K
}
Event: 4.793 GC heap after
{Heap after GC invocations=11 (full 0):
 garbage-first heap   total 89088K, used 54678K [0x0000000080000000, 0x0000000100000000)
  region size 1024K, 2 young (2048K), 2 survivors (2048K)
 Metaspace       used 41593K, committed 42752K, reserved 1114112K
  class space    used 5952K, committed 6528K, reserved 1048576K
}
Event: 5.071 GC heap before
{Heap before GC invocations=11 (full 0):
 garbage-first heap   total 89088K, used 76182K [0x0000000080000000, 0x0000000100000000)
  region size 1024K, 24 young (24576K), 2 survivors (2048K)
 Metaspace       used 45756K, committed 46848K, reserved 1114112K
  class space    used 6508K, committed 7040K, reserved 1048576K
}
Event: 5.073 GC heap after
{Heap after GC invocations=12 (full 0):
 garbage-first heap   total 107520K, used 56489K [0x0000000080000000, 0x0000000100000000)
  region size 1024K, 3 young (3072K), 3 survivors (3072K)
 Metaspace       used 45756K, committed 46848K, reserved 1114112K
  class space    used 6508K, committed 7040K, reserved 1048576K
}
Event: 5.388 GC heap before
{Heap before GC invocations=13 (full 0):
 garbage-first heap   total 107520K, used 90281K [0x0000000080000000, 0x0000000100000000)
  region size 1024K, 37 young (37888K), 3 survivors (3072K)
 Metaspace       used 48370K, committed 49600K, reserved 1114112K
  class space    used 6963K, committed 7552K, reserved 1048576K
}
Event: 5.393 GC heap after
{Heap after GC invocations=14 (full 0):
 garbage-first heap   total 107520K, used 59283K [0x0000000080000000, 0x0000000100000000)
  region size 1024K, 5 young (5120K), 5 survivors (5120K)
 Metaspace       used 48370K, committed 49600K, reserved 1114112K
  class space    used 6963K, committed 7552K, reserved 1048576K
}
Event: 5.922 GC heap before
{Heap before GC invocations=14 (full 0):
 garbage-first heap   total 107520K, used 93075K [0x0000000080000000, 0x0000000100000000)
  region size 1024K, 38 young (38912K), 5 survivors (5120K)
 Metaspace       used 54160K, committed 55296K, reserved 1114112K
  class space    used 7597K, committed 8128K, reserved 1048576K
}
Event: 5.926 GC heap after
{Heap after GC invocations=15 (full 0):
 garbage-first heap   total 107520K, used 61197K [0x0000000080000000, 0x0000000100000000)
  region size 1024K, 4 young (4096K), 4 survivors (4096K)
 Metaspace       used 54160K, committed 55296K, reserved 1114112K
  class space    used 7597K, committed 8128K, reserved 1048576K
}
Event: 6.215 GC heap before
{Heap before GC invocations=15 (full 0):
 garbage-first heap   total 107520K, used 80653K [0x0000000080000000, 0x0000000100000000)
  region size 1024K, 24 young (24576K), 4 survivors (4096K)
 Metaspace       used 56715K, committed 57920K, reserved 1114112K
  class space    used 7950K, committed 8512K, reserved 1048576K
}
Event: 6.218 GC heap after
{Heap after GC invocations=16 (full 0):
 garbage-first heap   total 107520K, used 63727K [0x0000000080000000, 0x0000000100000000)
  region size 1024K, 3 young (3072K), 3 survivors (3072K)
 Metaspace       used 56715K, committed 57920K, reserved 1114112K
  class space    used 7950K, committed 8512K, reserved 1048576K
}
Event: 6.566 GC heap before
{Heap before GC invocations=17 (full 0):
 garbage-first heap   total 116736K, used 99567K [0x0000000080000000, 0x0000000100000000)
  region size 1024K, 33 young (33792K), 3 survivors (3072K)
 Metaspace       used 58426K, committed 59648K, reserved 1114112K
  class space    used 8112K, committed 8704K, reserved 1048576K
}
Event: 6.569 GC heap after
{Heap after GC invocations=18 (full 0):
 garbage-first heap   total 116736K, used 64382K [0x0000000080000000, 0x0000000100000000)
  region size 1024K, 4 young (4096K), 4 survivors (4096K)
 Metaspace       used 58426K, committed 59648K, reserved 1114112K
  class space    used 8112K, committed 8704K, reserved 1048576K
}
Event: 7.053 GC heap before
{Heap before GC invocations=18 (full 0):
 garbage-first heap   total 116736K, used 103294K [0x0000000080000000, 0x0000000100000000)
  region size 1024K, 42 young (43008K), 4 survivors (4096K)
 Metaspace       used 62446K, committed 63872K, reserved 1114112K
  class space    used 8824K, committed 9472K, reserved 1048576K
}
Event: 7.059 GC heap after
{Heap after GC invocations=19 (full 0):
 garbage-first heap   total 116736K, used 65866K [0x0000000080000000, 0x0000000100000000)
  region size 1024K, 5 young (5120K), 5 survivors (5120K)
 Metaspace       used 62446K, committed 63872K, reserved 1114112K
  class space    used 8824K, committed 9472K, reserved 1048576K
}
Event: 7.130 GC heap before
{Heap before GC invocations=19 (full 0):
 garbage-first heap   total 116736K, used 80202K [0x0000000080000000, 0x0000000100000000)
  region size 1024K, 21 young (21504K), 5 survivors (5120K)
 Metaspace       used 62636K, committed 64000K, reserved 1114112K
  class space    used 8850K, committed 9472K, reserved 1048576K
}

